\BOOKMARK [0][-]{chapter*.2}{\376\377\000I\000n\000t\000r\000o\000d\000u\000c\000c\000i\000\363\000n}{}% 1
\BOOKMARK [-1][-]{part.1}{\376\377\000I\000\040\000S\000e\000g\000u\000n\000d\000o\000\040\000B\000i\000m\000e\000s\000t\000r\000e}{}% 2
\BOOKMARK [0][-]{chapter.1}{\376\377\000F\000r\000a\000c\000c\000i\000o\000n\000e\000s\000\040\000A\000l\000g\000e\000b\000r\000a\000i\000c\000a\000s}{part.1}% 3
\BOOKMARK [1][-]{section.1.1}{\376\377\000I\000n\000t\000r\000o\000d\000u\000c\000c\000i\000\363\000n}{chapter.1}% 4
\BOOKMARK [1][-]{section.1.2}{\376\377\000P\000r\000o\000p\000i\000e\000d\000a\000d\000e\000s}{chapter.1}% 5
\BOOKMARK [2][-]{subsection.1.2.1}{\376\377\000S\000i\000m\000p\000l\000i\000f\000i\000c\000a\000c\000i\000\363\000n\000\040\000d\000e\000\040\000F\000r\000a\000c\000c\000i\000o\000n\000e\000s}{section.1.2}% 6
\BOOKMARK [2][-]{subsection.1.2.2}{\376\377\000O\000p\000e\000r\000a\000c\000i\000o\000n\000e\000s\000\040\000c\000o\000n\000\040\000F\000r\000a\000c\000c\000i\000o\000n\000e\000s}{section.1.2}% 7
\BOOKMARK [0][-]{chapter.2}{\376\377\000E\000c\000u\000a\000c\000i\000o\000n\000e\000s\000\040\000L\000i\000n\000e\000a\000l\000e\000s}{part.1}% 8
\BOOKMARK [0][-]{chapter.3}{\376\377\000S\000i\000s\000t\000e\000m\000a\000s\000\040\000d\000e\000\040\000E\000c\000u\000a\000c\000i\000o\000n\000e\000s\000\040\000L\000i\000n\000e\000a\000l\000e\000s}{part.1}% 9
\BOOKMARK [-1][-]{part.2}{\376\377\000I\000I\000\040\000T\000e\000r\000c\000e\000r\000\040\000B\000i\000m\000e\000s\000t\000r\000e}{}% 10
\BOOKMARK [0][-]{chapter.4}{\376\377\000E\000c\000u\000a\000c\000i\000o\000n\000e\000s\000\040\000C\000u\000a\000d\000r\000\341\000t\000i\000c\000a\000s}{part.2}% 11
\BOOKMARK [1][-]{section.4.1}{\376\377\000D\000e\000f\000i\000n\000i\000c\000i\000\363\000n}{chapter.4}% 12
\BOOKMARK [1][-]{section.4.2}{\376\377\000C\000o\000n\000c\000e\000p\000t\000o\000s\000\040\000F\000u\000n\000d\000a\000m\000e\000n\000t\000a\000l\000e\000s}{chapter.4}% 13
\BOOKMARK [2][-]{subsection.4.2.1}{\376\377\000C\000o\000n\000d\000i\000c\000i\000o\000n\000e\000s}{section.4.2}% 14
\BOOKMARK [2][-]{subsection.4.2.2}{\376\377\000P\000r\000o\000p\000i\000e\000d\000a\000d\000\040\000d\000e\000l\000\040\000F\000a\000c\000t\000o\000r\000\040\000C\000e\000r\000o}{section.4.2}% 15
\BOOKMARK [2][-]{subsection.4.2.3}{\376\377\000C\000o\000m\000p\000l\000e\000t\000a\000r\000\040\000C\000u\000a\000d\000r\000a\000d\000o\000s}{section.4.2}% 16
\BOOKMARK [1][-]{section.4.3}{\376\377\000E\000j\000e\000m\000p\000l\000o\000s\000\040\000d\000e\000\040\000E\000c\000u\000a\000c\000i\000o\000n\000e\000s\000\040\000C\000u\000a\000d\000r\000\341\000t\000i\000c\000a\000s}{chapter.4}% 17
\BOOKMARK [2][-]{subsection.4.3.1}{\376\377\000E\000c\000u\000a\000c\000i\000o\000n\000e\000s\000\040\000R\000e\000s\000u\000e\000l\000t\000a\000s\000\040\000p\000o\000r\000\040\000F\000a\000c\000t\000o\000r\000i\000z\000a\000c\000i\000\363\000n}{section.4.3}% 18
\BOOKMARK [1][-]{section.4.4}{\376\377\000F\000\363\000r\000m\000u\000l\000a\000\040\000G\000e\000n\000e\000r\000a\000l\000\040\000d\000e\000\040\000S\000e\000g\000u\000n\000d\000o\000\040\000G\000r\000a\000d\000o}{chapter.4}% 19
\BOOKMARK [2][-]{subsection.4.4.1}{\376\377\000D\000e\000m\000o\000s\000t\000r\000a\000c\000i\000\363\000n}{section.4.4}% 20
\BOOKMARK [0][-]{chapter.5}{\376\377\000I\000n\000e\000c\000u\000a\000c\000i\000o\000n\000e\000s}{part.2}% 21
\BOOKMARK [0][-]{chapter.6}{\376\377\000F\000u\000n\000c\000i\000o\000n\000e\000s}{part.2}% 22
\BOOKMARK [0][-]{chapter.7}{\376\377\000F\000u\000n\000c\000i\000o\000n\000e\000s\000\040\000L\000i\000n\000e\000a\000l\000e\000s}{part.2}% 23
\BOOKMARK [-1][-]{part.3}{\376\377\000I\000I\000I\000\040\000C\000u\000a\000r\000t\000o\000\040\000B\000i\000m\000e\000s\000t\000r\000e}{}% 24
\BOOKMARK [0][-]{chapter.8}{\376\377\000F\000u\000n\000c\000i\000\363\000n\000\040\000C\000u\000a\000d\000r\000\341\000t\000i\000c\000a}{part.3}% 25
\BOOKMARK [1][-]{section.8.1}{\376\377\000D\000e\000f\000i\000n\000i\000c\000i\000\363\000n}{chapter.8}% 26
\BOOKMARK [1][-]{section.8.2}{\376\377\000F\000o\000r\000m\000a\000\040\000N\000o\000r\000m\000a\000l}{chapter.8}% 27
\BOOKMARK [2][-]{subsection.8.2.1}{\376\377\000V\000\351\000r\000t\000i\000c\000e}{section.8.2}% 28
\BOOKMARK [2][-]{subsection.8.2.2}{\376\377\000F\000o\000r\000m\000a\000\040\000C\000a\000n\000\363\000n\000i\000c\000a}{section.8.2}% 29
\BOOKMARK [1][-]{section.8.3}{\376\377\000D\000o\000m\000i\000n\000i\000o\000\040\000y\000\040\000R\000a\000n\000g\000o}{chapter.8}% 30
\BOOKMARK [1][-]{section.8.4}{\376\377\000E\000j\000e\000m\000p\000l\000o\000s}{chapter.8}% 31
\BOOKMARK [0][-]{chapter.9}{\376\377\000\301\000n\000g\000u\000l\000o\000s}{part.3}% 32
\BOOKMARK [0][-]{chapter.10}{\376\377\000T\000r\000i\000\341\000n\000g\000u\000l\000o\000s}{part.3}% 33
